-------------------------------------------------------------------------------
Test set: com.vs.organize.node.controller.MainControllerTest
-------------------------------------------------------------------------------
Tests run: 1, Failures: 0, Errors: 1, Skipped: 0, Time elapsed: 5.547 s <<< FAILURE! - in com.vs.organize.node.controller.MainControllerTest
index(com.vs.organize.node.controller.MainControllerTest)  Time elapsed: 0.315 s  <<< ERROR!
org.springframework.web.util.NestedServletException: Request processing failed; nested exception is org.thymeleaf.exceptions.TemplateInputException: An error happened during template parsing (template: "class path resource [templates/index.html]")
	at com.vs.organize.node.controller.MainControllerTest.index(MainControllerTest.java:24)
Caused by: org.thymeleaf.exceptions.TemplateInputException: An error happened during template parsing (template: "class path resource [templates/index.html]")
	at com.vs.organize.node.controller.MainControllerTest.index(MainControllerTest.java:24)
Caused by: org.attoparser.ParseException: Error resolving template [/node-api/get-create], template might not exist or might not be accessible by any of the configured Template Resolvers (template: "index" - line 12, col 8)
	at com.vs.organize.node.controller.MainControllerTest.index(MainControllerTest.java:24)
Caused by: org.thymeleaf.exceptions.TemplateInputException: Error resolving template [/node-api/get-create], template might not exist or might not be accessible by any of the configured Template Resolvers (template: "index" - line 12, col 8)
	at com.vs.organize.node.controller.MainControllerTest.index(MainControllerTest.java:24)

